time="2026-02-07T15:26:48+09:00" level=info msg="arduino-cli version 1.4.1"
time="2026-02-07T15:26:48+09:00" level=info msg="Using config file: C:\\Users\\T2 PBB\\AppData\\Local\\Arduino15\\arduino-cli.yaml"
time="2026-02-07T15:26:48+09:00" level=info msg="Executing `arduino-cli compile`"
time="2026-02-07T15:26:48+09:00" level=info msg="Checking signature" index="E:\\00_Coding\\Arduino\\Portable\\package_index.json" signatureFile="E:\\00_Coding\\Arduino\\Portable\\package_index.json.sig" trusted=true
time="2026-02-07T15:26:48+09:00" level=info msg="Missing signature file" index="E:\\00_Coding\\Arduino\\Portable\\package_esp8266com_index.json"
time="2026-02-07T15:26:48+09:00" level=info msg="Missing signature file" index="E:\\00_Coding\\Arduino\\Portable\\package_esp32_index.json"
time="2026-02-07T15:26:48+09:00" level=info msg="Loading hardware from: E:\\00_Coding\\Arduino\\Portable\\packages"
time="2026-02-07T15:26:48+09:00" level=info msg="Loading package arduino from: E:\\00_Coding\\Arduino\\Portable\\packages\\arduino\\hardware"
time="2026-02-07T15:26:48+09:00" level=info msg="Missing signature file" index="E:\\00_Coding\\Arduino\\Portable\\packages\\arduino\\hardware\\avr\\1.8.7\\installed.json"
time="2026-02-07T15:26:48+09:00" level=info msg="Adding monitor tool" protocol=serial tool="builtin:serial-monitor"
time="2026-02-07T15:26:48+09:00" level=info msg="Loaded platform" platform="arduino:avr@1.8.7"
time="2026-02-07T15:26:48+09:00" level=info msg="Checking existence of 'tools' path: E:\\00_Coding\\Arduino\\Portable\\packages\\arduino\\tools"
time="2026-02-07T15:26:48+09:00" level=info msg="Loading tools from dir: E:\\00_Coding\\Arduino\\Portable\\packages\\arduino\\tools"
time="2026-02-07T15:26:48+09:00" level=info msg="Loaded tool" tool="arduino:arduinoOTA@1.3.0"
time="2026-02-07T15:26:48+09:00" level=info msg="Loaded tool" tool="arduino:avr-gcc@7.3.0-atmel3.6.1-arduino7"
time="2026-02-07T15:26:48+09:00" level=info msg="Loaded tool" tool="arduino:avrdude@8.0.0-arduino1"
time="2026-02-07T15:26:48+09:00" level=info msg="Loading package builtin from: E:\\00_Coding\\Arduino\\Portable\\packages\\builtin"
time="2026-02-07T15:26:48+09:00" level=info msg="Checking existence of 'tools' path: E:\\00_Coding\\Arduino\\Portable\\packages\\builtin\\tools"
time="2026-02-07T15:26:48+09:00" level=info msg="Loading tools from dir: E:\\00_Coding\\Arduino\\Portable\\packages\\builtin\\tools"
time="2026-02-07T15:26:48+09:00" level=info msg="Loaded tool" tool="builtin:ctags@5.8-arduino11"
time="2026-02-07T15:26:48+09:00" level=info msg="Loaded tool" tool="builtin:dfu-discovery@0.1.2"
time="2026-02-07T15:26:48+09:00" level=info msg="Loaded tool" tool="builtin:mdns-discovery@1.0.12"
time="2026-02-07T15:26:48+09:00" level=info msg="Loaded tool" tool="builtin:serial-discovery@1.4.3"
time="2026-02-07T15:26:48+09:00" level=info msg="Loaded tool" tool="builtin:serial-monitor@0.15.0"
time="2026-02-07T15:26:48+09:00" level=info msg="Loading package esp32 from: E:\\00_Coding\\Arduino\\Portable\\packages\\esp32\\hardware"
time="2026-02-07T15:26:48+09:00" level=info msg="Checking existence of 'tools' path: E:\\00_Coding\\Arduino\\Portable\\packages\\esp32\\tools"
time="2026-02-07T15:26:48+09:00" level=info msg="Loading tools from dir: E:\\00_Coding\\Arduino\\Portable\\packages\\esp32\\tools"
time="2026-02-07T15:26:48+09:00" level=info msg="Loaded tool" tool="esp32:openocd-esp32@v0.12.0-esp32-20251215"
time="2026-02-07T15:26:48+09:00" level=info msg="Loading package esp8266 from: E:\\00_Coding\\Arduino\\Portable\\packages\\esp8266\\hardware"
time="2026-02-07T15:26:48+09:00" level=info msg="Missing signature file" index="E:\\00_Coding\\Arduino\\Portable\\packages\\esp8266\\hardware\\esp8266\\3.1.2\\installed.json"
time="2026-02-07T15:26:48+09:00" level=info msg="Adding monitor tool" protocol=serial tool="builtin:serial-monitor"
time="2026-02-07T15:26:48+09:00" level=info msg="Loaded platform" platform="esp8266:esp8266@3.1.2"
time="2026-02-07T15:26:48+09:00" level=info msg="Checking existence of 'tools' path: E:\\00_Coding\\Arduino\\Portable\\packages\\esp8266\\tools"
time="2026-02-07T15:26:48+09:00" level=info msg="Loading tools from dir: E:\\00_Coding\\Arduino\\Portable\\packages\\esp8266\\tools"
time="2026-02-07T15:26:48+09:00" level=info msg="Loaded tool" tool="esp8266:mklittlefs@3.1.0-gcc10.3-e5f9fec"
time="2026-02-07T15:26:48+09:00" level=info msg="Loaded tool" tool="esp8266:mkspiffs@3.1.0-gcc10.3-e5f9fec"
time="2026-02-07T15:26:48+09:00" level=info msg="Loaded tool" tool="esp8266:python3@3.7.2-post1"
time="2026-02-07T15:26:48+09:00" level=info msg="Loaded tool" tool="esp8266:xtensa-lx106-elf-gcc@3.1.0-gcc10.3-e5f9fec"
time="2026-02-07T15:26:48+09:00" level=info msg="Adding libraries dir" dir="E:\\00_Coding\\Arduino\\Portable\\packages\\esp8266\\hardware\\esp8266\\3.1.2\\libraries" isSingleLibrary=false location=platform
time="2026-02-07T15:26:48+09:00" level=info msg="Adding libraries dir" dir="E:\\00_Coding\\Arduino\\Portable\\packages\\arduino\\hardware\\avr\\1.8.7\\libraries" isSingleLibrary=false location=platform
time="2026-02-07T15:26:48+09:00" level=info msg="Loading libraries index file" index="E:\\00_Coding\\Arduino\\Portable\\library_index.json"
time="2026-02-07T15:26:49+09:00" level=info msg="Adding libraries dir" dir="E:\\00_Coding\\Arduino\\libraries" isSingleLibrary=false location=user
time="2026-02-07T15:26:50+09:00" level=info msg="Adding libraries dir" dir="E:\\00_Coding\\Arduino\\Portable\\packages\\esp8266\\hardware\\esp8266\\3.1.2\\libraries" isSingleLibrary=false location=platform
time="2026-02-07T15:26:50+09:00" level=info msg="Adding libraries dir" dir="E:\\00_Coding\\Arduino\\libraries" isSingleLibrary=false location=user
time="2026-02-07T15:26:51+09:00" level=info msg="Resolving include ESP8266WiFi.h for arch esp8266"
time="2026-02-07T15:26:51+09:00" level=info msg="  found better lib" lib=ESP8266WiFi prio=6B0
time="2026-02-07T15:27:12+09:00" level=info msg="arduino-cli version 1.4.1"
time="2026-02-07T15:27:12+09:00" level=info msg="Using config file: C:\\Users\\T2 PBB\\AppData\\Local\\Arduino15\\arduino-cli.yaml"
time="2026-02-07T15:27:12+09:00" level=info msg="Executing `arduino-cli compile`"
time="2026-02-07T15:27:12+09:00" level=info msg="Checking signature" index="E:\\00_Coding\\Arduino\\Portable\\package_index.json" signatureFile="E:\\00_Coding\\Arduino\\Portable\\package_index.json.sig" trusted=true
time="2026-02-07T15:27:12+09:00" level=info msg="Missing signature file" index="E:\\00_Coding\\Arduino\\Portable\\package_esp8266com_index.json"
time="2026-02-07T15:27:12+09:00" level=info msg="Missing signature file" index="E:\\00_Coding\\Arduino\\Portable\\package_esp32_index.json"
time="2026-02-07T15:27:12+09:00" level=info msg="Loading hardware from: E:\\00_Coding\\Arduino\\Portable\\packages"
time="2026-02-07T15:27:12+09:00" level=info msg="Loading package arduino from: E:\\00_Coding\\Arduino\\Portable\\packages\\arduino\\hardware"
time="2026-02-07T15:27:12+09:00" level=info msg="Missing signature file" index="E:\\00_Coding\\Arduino\\Portable\\packages\\arduino\\hardware\\avr\\1.8.7\\installed.json"
time="2026-02-07T15:27:12+09:00" level=info msg="Adding monitor tool" protocol=serial tool="builtin:serial-monitor"
time="2026-02-07T15:27:12+09:00" level=info msg="Loaded platform" platform="arduino:avr@1.8.7"
time="2026-02-07T15:27:12+09:00" level=info msg="Checking existence of 'tools' path: E:\\00_Coding\\Arduino\\Portable\\packages\\arduino\\tools"
time="2026-02-07T15:27:12+09:00" level=info msg="Loading tools from dir: E:\\00_Coding\\Arduino\\Portable\\packages\\arduino\\tools"
time="2026-02-07T15:27:12+09:00" level=info msg="Loaded tool" tool="arduino:arduinoOTA@1.3.0"
time="2026-02-07T15:27:12+09:00" level=info msg="Loaded tool" tool="arduino:avr-gcc@7.3.0-atmel3.6.1-arduino7"
time="2026-02-07T15:27:12+09:00" level=info msg="Loaded tool" tool="arduino:avrdude@8.0.0-arduino1"
time="2026-02-07T15:27:12+09:00" level=info msg="Loading package builtin from: E:\\00_Coding\\Arduino\\Portable\\packages\\builtin"
time="2026-02-07T15:27:12+09:00" level=info msg="Checking existence of 'tools' path: E:\\00_Coding\\Arduino\\Portable\\packages\\builtin\\tools"
time="2026-02-07T15:27:12+09:00" level=info msg="Loading tools from dir: E:\\00_Coding\\Arduino\\Portable\\packages\\builtin\\tools"
time="2026-02-07T15:27:12+09:00" level=info msg="Loaded tool" tool="builtin:ctags@5.8-arduino11"
time="2026-02-07T15:27:12+09:00" level=info msg="Loaded tool" tool="builtin:dfu-discovery@0.1.2"
time="2026-02-07T15:27:12+09:00" level=info msg="Loaded tool" tool="builtin:mdns-discovery@1.0.12"
time="2026-02-07T15:27:12+09:00" level=info msg="Loaded tool" tool="builtin:serial-discovery@1.4.3"
time="2026-02-07T15:27:12+09:00" level=info msg="Loaded tool" tool="builtin:serial-monitor@0.15.0"
time="2026-02-07T15:27:12+09:00" level=info msg="Loading package esp32 from: E:\\00_Coding\\Arduino\\Portable\\packages\\esp32\\hardware"
time="2026-02-07T15:27:12+09:00" level=info msg="Checking existence of 'tools' path: E:\\00_Coding\\Arduino\\Portable\\packages\\esp32\\tools"
time="2026-02-07T15:27:12+09:00" level=info msg="Loading tools from dir: E:\\00_Coding\\Arduino\\Portable\\packages\\esp32\\tools"
time="2026-02-07T15:27:12+09:00" level=info msg="Loaded tool" tool="esp32:openocd-esp32@v0.12.0-esp32-20251215"
time="2026-02-07T15:27:12+09:00" level=info msg="Loading package esp8266 from: E:\\00_Coding\\Arduino\\Portable\\packages\\esp8266\\hardware"
time="2026-02-07T15:27:12+09:00" level=info msg="Missing signature file" index="E:\\00_Coding\\Arduino\\Portable\\packages\\esp8266\\hardware\\esp8266\\3.1.2\\installed.json"
time="2026-02-07T15:27:12+09:00" level=info msg="Adding monitor tool" protocol=serial tool="builtin:serial-monitor"
time="2026-02-07T15:27:12+09:00" level=info msg="Loaded platform" platform="esp8266:esp8266@3.1.2"
time="2026-02-07T15:27:12+09:00" level=info msg="Checking existence of 'tools' path: E:\\00_Coding\\Arduino\\Portable\\packages\\esp8266\\tools"
time="2026-02-07T15:27:12+09:00" level=info msg="Loading tools from dir: E:\\00_Coding\\Arduino\\Portable\\packages\\esp8266\\tools"
time="2026-02-07T15:27:12+09:00" level=info msg="Loaded tool" tool="esp8266:mklittlefs@3.1.0-gcc10.3-e5f9fec"
time="2026-02-07T15:27:12+09:00" level=info msg="Loaded tool" tool="esp8266:mkspiffs@3.1.0-gcc10.3-e5f9fec"
time="2026-02-07T15:27:12+09:00" level=info msg="Loaded tool" tool="esp8266:python3@3.7.2-post1"
time="2026-02-07T15:27:12+09:00" level=info msg="Loaded tool" tool="esp8266:xtensa-lx106-elf-gcc@3.1.0-gcc10.3-e5f9fec"
time="2026-02-07T15:27:12+09:00" level=info msg="Adding libraries dir" dir="E:\\00_Coding\\Arduino\\Portable\\packages\\arduino\\hardware\\avr\\1.8.7\\libraries" isSingleLibrary=false location=platform
time="2026-02-07T15:27:12+09:00" level=info msg="Adding libraries dir" dir="E:\\00_Coding\\Arduino\\Portable\\packages\\esp8266\\hardware\\esp8266\\3.1.2\\libraries" isSingleLibrary=false location=platform
time="2026-02-07T15:27:12+09:00" level=info msg="Loading libraries index file" index="E:\\00_Coding\\Arduino\\Portable\\library_index.json"
time="2026-02-07T15:27:13+09:00" level=info msg="Adding libraries dir" dir="E:\\00_Coding\\Arduino\\libraries" isSingleLibrary=false location=user
time="2026-02-07T15:27:13+09:00" level=info msg="Adding libraries dir" dir="E:\\00_Coding\\Arduino\\Portable\\packages\\esp8266\\hardware\\esp8266\\3.1.2\\libraries" isSingleLibrary=false location=platform
time="2026-02-07T15:27:13+09:00" level=info msg="Adding libraries dir" dir="E:\\00_Coding\\Arduino\\libraries" isSingleLibrary=false location=user
time="2026-02-07T15:27:15+09:00" level=info msg="Resolving include ESP8266WiFi.h for arch esp8266"
time="2026-02-07T15:27:15+09:00" level=info msg="  found better lib" lib=ESP8266WiFi prio=6B0
time="2026-02-07T15:27:28+09:00" level=info msg="arduino-cli version 1.4.1"
time="2026-02-07T15:27:28+09:00" level=info msg="Using config file: C:\\Users\\T2 PBB\\AppData\\Local\\Arduino15\\arduino-cli.yaml"
time="2026-02-07T15:27:28+09:00" level=info msg="Executing `arduino-cli compile`"
time="2026-02-07T15:27:28+09:00" level=info msg="Checking signature" index="E:\\00_Coding\\Arduino\\Portable\\package_index.json" signatureFile="E:\\00_Coding\\Arduino\\Portable\\package_index.json.sig" trusted=true
time="2026-02-07T15:27:28+09:00" level=info msg="Missing signature file" index="E:\\00_Coding\\Arduino\\Portable\\package_esp8266com_index.json"
time="2026-02-07T15:27:28+09:00" level=info msg="Missing signature file" index="E:\\00_Coding\\Arduino\\Portable\\package_esp32_index.json"
time="2026-02-07T15:27:28+09:00" level=info msg="Loading hardware from: E:\\00_Coding\\Arduino\\Portable\\packages"
time="2026-02-07T15:27:28+09:00" level=info msg="Loading package arduino from: E:\\00_Coding\\Arduino\\Portable\\packages\\arduino\\hardware"
time="2026-02-07T15:27:28+09:00" level=info msg="Missing signature file" index="E:\\00_Coding\\Arduino\\Portable\\packages\\arduino\\hardware\\avr\\1.8.7\\installed.json"
time="2026-02-07T15:27:28+09:00" level=info msg="Adding monitor tool" protocol=serial tool="builtin:serial-monitor"
time="2026-02-07T15:27:28+09:00" level=info msg="Loaded platform" platform="arduino:avr@1.8.7"
time="2026-02-07T15:27:28+09:00" level=info msg="Checking existence of 'tools' path: E:\\00_Coding\\Arduino\\Portable\\packages\\arduino\\tools"
time="2026-02-07T15:27:28+09:00" level=info msg="Loading tools from dir: E:\\00_Coding\\Arduino\\Portable\\packages\\arduino\\tools"
time="2026-02-07T15:27:28+09:00" level=info msg="Loaded tool" tool="arduino:arduinoOTA@1.3.0"
time="2026-02-07T15:27:28+09:00" level=info msg="Loaded tool" tool="arduino:avr-gcc@7.3.0-atmel3.6.1-arduino7"
time="2026-02-07T15:27:28+09:00" level=info msg="Loaded tool" tool="arduino:avrdude@8.0.0-arduino1"
time="2026-02-07T15:27:28+09:00" level=info msg="Loading package builtin from: E:\\00_Coding\\Arduino\\Portable\\packages\\builtin"
time="2026-02-07T15:27:28+09:00" level=info msg="Checking existence of 'tools' path: E:\\00_Coding\\Arduino\\Portable\\packages\\builtin\\tools"
time="2026-02-07T15:27:28+09:00" level=info msg="Loading tools from dir: E:\\00_Coding\\Arduino\\Portable\\packages\\builtin\\tools"
time="2026-02-07T15:27:28+09:00" level=info msg="Loaded tool" tool="builtin:ctags@5.8-arduino11"
time="2026-02-07T15:27:28+09:00" level=info msg="Loaded tool" tool="builtin:dfu-discovery@0.1.2"
time="2026-02-07T15:27:28+09:00" level=info msg="Loaded tool" tool="builtin:mdns-discovery@1.0.12"
time="2026-02-07T15:27:28+09:00" level=info msg="Loaded tool" tool="builtin:serial-discovery@1.4.3"
time="2026-02-07T15:27:28+09:00" level=info msg="Loaded tool" tool="builtin:serial-monitor@0.15.0"
time="2026-02-07T15:27:28+09:00" level=info msg="Loading package esp32 from: E:\\00_Coding\\Arduino\\Portable\\packages\\esp32\\hardware"
time="2026-02-07T15:27:28+09:00" level=info msg="Checking existence of 'tools' path: E:\\00_Coding\\Arduino\\Portable\\packages\\esp32\\tools"
time="2026-02-07T15:27:28+09:00" level=info msg="Loading tools from dir: E:\\00_Coding\\Arduino\\Portable\\packages\\esp32\\tools"
time="2026-02-07T15:27:28+09:00" level=info msg="Loaded tool" tool="esp32:openocd-esp32@v0.12.0-esp32-20251215"
time="2026-02-07T15:27:28+09:00" level=info msg="Loading package esp8266 from: E:\\00_Coding\\Arduino\\Portable\\packages\\esp8266\\hardware"
time="2026-02-07T15:27:28+09:00" level=info msg="Missing signature file" index="E:\\00_Coding\\Arduino\\Portable\\packages\\esp8266\\hardware\\esp8266\\3.1.2\\installed.json"
time="2026-02-07T15:27:28+09:00" level=info msg="Adding monitor tool" protocol=serial tool="builtin:serial-monitor"
time="2026-02-07T15:27:28+09:00" level=info msg="Loaded platform" platform="esp8266:esp8266@3.1.2"
time="2026-02-07T15:27:28+09:00" level=info msg="Checking existence of 'tools' path: E:\\00_Coding\\Arduino\\Portable\\packages\\esp8266\\tools"
time="2026-02-07T15:27:28+09:00" level=info msg="Loading tools from dir: E:\\00_Coding\\Arduino\\Portable\\packages\\esp8266\\tools"
time="2026-02-07T15:27:28+09:00" level=info msg="Loaded tool" tool="esp8266:mklittlefs@3.1.0-gcc10.3-e5f9fec"
time="2026-02-07T15:27:28+09:00" level=info msg="Loaded tool" tool="esp8266:mkspiffs@3.1.0-gcc10.3-e5f9fec"
time="2026-02-07T15:27:28+09:00" level=info msg="Loaded tool" tool="esp8266:python3@3.7.2-post1"
time="2026-02-07T15:27:28+09:00" level=info msg="Loaded tool" tool="esp8266:xtensa-lx106-elf-gcc@3.1.0-gcc10.3-e5f9fec"
time="2026-02-07T15:27:28+09:00" level=info msg="Adding libraries dir" dir="E:\\00_Coding\\Arduino\\Portable\\packages\\arduino\\hardware\\avr\\1.8.7\\libraries" isSingleLibrary=false location=platform
time="2026-02-07T15:27:28+09:00" level=info msg="Adding libraries dir" dir="E:\\00_Coding\\Arduino\\Portable\\packages\\esp8266\\hardware\\esp8266\\3.1.2\\libraries" isSingleLibrary=false location=platform
time="2026-02-07T15:27:28+09:00" level=info msg="Loading libraries index file" index="E:\\00_Coding\\Arduino\\Portable\\library_index.json"
time="2026-02-07T15:27:28+09:00" level=info msg="Adding libraries dir" dir="E:\\00_Coding\\Arduino\\libraries" isSingleLibrary=false location=user
time="2026-02-07T15:27:30+09:00" level=info msg="Adding libraries dir" dir="E:\\00_Coding\\Arduino\\Portable\\packages\\esp8266\\hardware\\esp8266\\3.1.2\\libraries" isSingleLibrary=false location=platform
time="2026-02-07T15:27:30+09:00" level=info msg="Adding libraries dir" dir="E:\\00_Coding\\Arduino\\libraries" isSingleLibrary=false location=user
time="2026-02-07T15:27:32+09:00" level=info msg="Resolving include ESP8266WiFi.h for arch esp8266"
time="2026-02-07T15:27:32+09:00" level=info msg="  found better lib" lib=ESP8266WiFi prio=6B0
